<?xml version="1.0" encoding="UTF-8"?>
<testsuite name="tests.AutomationPracticeForm" tests="1" skipped="0" failures="0" errors="0" timestamp="2025-04-10T18:59:19" hostname="Air-Anatolij.bank.corp.centercredit.kz" time="14.48">
  <properties/>
  <testcase name="fillFormTestCssSelectorsTest()" classname="tests.AutomationPracticeForm" time="14.48"/>
  <system-out><![CDATA[]]></system-out>
  <system-err><![CDATA[[Test worker] INFO com.codeborne.selenide.WebDriverThreadLocalContainer - No webdriver is bound to current thread: 1 - let's create a new webdriver
апр. 10, 2025 11:59:28 PM org.openqa.selenium.devtools.CdpVersionFinder findNearestMatch
WARNING: Unable to find an exact match for CDP version 135, returning the closest version; found: 134; Please update to a Selenium version that supports CDP version 135
[Test worker] INFO com.codeborne.selenide.webdriver.WebDriverFactory - Selenide 7.8.1 / Selenium 4.30.0 / chrome 135.0.7049.85 mac
]]></system-err>
</testsuite>
